<?xml version="1.0" encoding="UTF-8"?>
<!-- Generated by org.testng.reporters.JUnitReportReporter -->
<testsuite hostname="DESKTOP-AP33V73" failures="0" tests="1" name="test.Testcase1" time="12.996" errors="0" timestamp="2024-12-19T11:24:40 IST" skipped="0">
  <testcase classname="test.Testcase1" name="login" time="12.996"/>
  <system-out/>
</testsuite> <!-- test.Testcase1 -->
