<?xml version="1.0" encoding="UTF-8"?>
<!-- Generated by org.testng.reporters.JUnitReportReporter -->
<testsuite hostname="DESKTOP-AP33V73" failures="0" tests="1" name="test.Testcase5" time="32.120" errors="0" timestamp="2024-12-19T11:28:45 IST" skipped="0">
  <testcase classname="test.Testcase5" name="login" time="32.120"/>
  <system-out/>
</testsuite> <!-- test.Testcase5 -->
